CompileCommand: exclude com/intellij/openapi/vfs/impl/FilePartNodeRoot.trieDescend bool exclude = true
2024-04-29 15:38:06,811 [    588]   WARN - #c.i.s.ComponentManagerImpl - `preload=true` must be used only for core services (service=com.intellij.ae.database.core.baseEvents.fus.AddStatisticsEventLogListenerTemporary, plugin=com.jetbrains.ae.database)
2024-04-29 15:38:06,812 [    589]   WARN - #c.i.s.ComponentManagerImpl - `preload=true` must be used only for core services (service=com.jetbrains.rdserver.statistics.BackendStatisticsManager, plugin=com.jetbrains.codeWithMe)
2024-04-29 15:38:07,293 [   1070]   WARN - #c.i.i.u.UITheme - *.arc has numeric value but specified as string
2024-04-29 15:38:07,535 [   1312]   WARN - #c.i.s.ComponentManagerImpl - com.intellij.psi.search.FilenameIndex initializer requests com.intellij.ide.plugins.PluginUtil instance
2024-04-29 15:38:08,690 [   2467]   WARN - #c.i.s.ComponentManagerImpl - com.intellij.lang.javascript.psi.jsdoc.impl.JSDocCustomTags initializer requests com.intellij.lang.javascript.JSDisposable instance
2024-04-29 15:38:09,783 [   3560]   WARN - #c.i.o.v.n.p.d.e.DurableEnumeratorFactory - [enumerator.mmapped]: .valueToId map is out-of-sync with .valuesLog data -> rebuilding it
2024-04-29 15:38:18,284 [  12061]   WARN - #c.i.s.ComponentManagerImpl - com.intellij.psi.LanguageSubstitutors initializer requests com.intellij.psi.LanguageSubstitutors instance
2024-04-29 15:38:18,333 [  12110]   WARN - #c.i.s.ComponentManagerImpl - com.maddyhome.idea.vim.api.Options initializer requests com.maddyhome.idea.vim.api.SystemInfoService instance
2024-04-29 15:38:18,354 [  12131]   WARN - #c.i.s.ComponentManagerImpl - org.zmlx.hg4idea.provider.HgChangeProvider initializer requests com.intellij.openapi.vcs.FileStatusFactory instance
2024-04-29 15:38:19,765 [  13542]   WARN - #o.j.i.maven - Trying to add the same listener twice
2024-04-29 15:38:19,780 [  13557]   WARN - #c.i.i.s.p.i.BundledSharedIndexPostStartupActivity - Skipped 1 pre-built shared indexes: bundled-js-predefined-1d06a55b98c1-985749b364ce-JavaScript-IU-233.14475.28
2024-04-29 15:38:19,870 [  13647]   WARN - #o.j.i.maven - updateAllMavenProjects started: false true false
2024-04-29 15:38:19,995 [  13772]   WARN - #c.i.s.ComponentManagerImpl - com.intellij.ui.jcef.JBCefApp$Holder initializer requests com.intellij.ui.jcef.JBCefAppCache instance
2024-04-29 15:38:20,316 [  14093]   WARN - #c.i.o.a.i.ActionUpdater - 1366 ms to grab EDT for JoinCallAction#Update@MainToolbar (com.jetbrains.rd.platform.codeWithMe.telephony.JoinCallAction)
2024-04-29 15:38:20,389 [  14166]   WARN - #c.i.o.a.i.ActionUpdater - 1221 ms to grab EDT for ToolWindowHeader$2#Update@ToolwindowTitle (com.intellij.toolWindow.ToolWindowHeader$2)

(java:29685): Gtk-WARNING **: 15:38:20.833: gtk_disable_setlocale() must be called before gtk_init()
2024-04-29 15:38:21,130 [  14907]   WARN - #o.j.p.t.TextMateService - Cannot find referenced file `./language-configuration.json` in bundle `/home/oskar/Programs/idea-IU-233.14475.28/plugins/textmate/lib/bundles/mdx`
2024-04-29 15:38:21,280 [  15057]   WARN - #c.i.s.ComponentManagerImpl - com.intellij.database.console.session.DatabaseSessionManager initializer requests com.intellij.database.console.session.DatabaseSessionViewService instance
2024-04-29 15:38:21,531 [  15308]   WARN - #c.i.s.ComponentManagerImpl - com.maddyhome.idea.vim.helper.VimStandalonePluginUpdateChecker initializer requests com.maddyhome.idea.vim.helper.VimStandalonePluginUpdateChecker instance
2024-04-29 15:38:21,701 [  15478]   WARN - #c.i.o.a.i.ActionUpdater - 1459 ms to grab EDT for ChangePreviewLayoutAction$EditorAndPreview#Update@TabsMoreToolbar (org.intellij.plugins.markdown.ui.actions.ChangePreviewLayoutAction$EditorAndPreview)
2024-04-29 15:38:21,702 [  15479]   WARN - #c.i.o.a.i.ActionUpdater - 1460 ms to grab EDT for ChangePreviewLayoutAction$PreviewOnly#Update@TabsMoreToolbar (org.intellij.plugins.markdown.ui.actions.ChangePreviewLayoutAction$PreviewOnly)
2024-04-29 15:38:21,705 [  15482]   WARN - #c.i.o.a.i.ActionUpdater - 1462 ms to grab EDT for ChangePreviewLayoutAction$EditorOnly#Update@TabsMoreToolbar (org.intellij.plugins.markdown.ui.actions.ChangePreviewLayoutAction$EditorOnly)
2024-04-29 15:38:21,974 [  15751]   WARN - #c.i.o.a.i.ActionUpdater - 4381 ms total to grab EDT 3 times to expand DefaultActionGroup@TabsMoreToolbar (com.intellij.openapi.actionSystem.DefaultActionGroup). Use `ActionUpdateThread.BGT`.
2024-04-29 15:38:22,441 [  16218]   WARN - #c.i.o.a.i.ActionUpdater - 301 ms to grab EDT for ChangePreviewLayoutAction$PreviewOnly#Update@TabsMoreToolbar (org.intellij.plugins.markdown.ui.actions.ChangePreviewLayoutAction$PreviewOnly)
2024-04-29 15:38:22,995 [  16772]   WARN - #o.j.i.maven - updateAllMavenProjects finished: false true false
2024-04-29 15:38:23,204 [  16981]   WARN - #o.j.i.maven - updateMavenProjects started: false false true 0 1
2024-04-29 15:38:23,210 [  16987]   WARN - #o.j.i.maven - updateMavenProjects finished: false false true 0 1
2024-04-29 15:38:26,280 [  20057]   WARN - #o.j.i.maven - updateAllMavenProjects started: false true false
2024-04-29 15:38:26,311 [  20088]   WARN - #o.j.i.maven - updateAllMavenProjects finished: false true false
2024-04-29 15:38:26,372 [  20149]   WARN - #c.i.o.v.n.RefreshSession - no files to refresh
java.lang.Exception: no files to refresh
	at com.intellij.openapi.vfs.newvfs.RefreshSessionImpl.launch(RefreshSessionImpl.java:118)
	at com.intellij.openapi.vfs.newvfs.RefreshQueue.refresh(RefreshQueue.java:51)
	at com.intellij.openapi.vfs.newvfs.RefreshQueue.refresh(RefreshQueue.java:31)
	at com.intellij.openapi.vfs.impl.local.LocalFileSystemBase.refreshFiles(LocalFileSystemBase.java:264)
	at com.intellij.openapi.vfs.impl.local.LocalFileSystemBase.refreshNioFiles(LocalFileSystemBase.java:259)
	at com.intellij.openapi.externalSystem.autoimport.ProjectSettingsTracker$submitSettingsFilesRefresh$2$1.invoke(ProjectSettingsTracker.kt:169)
	at com.intellij.openapi.externalSystem.autoimport.ProjectSettingsTracker$submitSettingsFilesRefresh$2$1.invoke(ProjectSettingsTracker.kt:166)
	at com.intellij.openapi.externalSystem.autoimport.ProjectSettingsTracker$SettingsFilesAsyncSupplier$supply$1.invoke(ProjectSettingsTracker.kt:359)
	at com.intellij.openapi.externalSystem.autoimport.ProjectSettingsTracker$SettingsFilesAsyncSupplier$supply$1.invoke(ProjectSettingsTracker.kt:358)
	at com.intellij.openapi.externalSystem.autoimport.settings.CachingAsyncSupplier.supply$lambda$2(CachingAsyncSupplier.kt:19)
	at org.jetbrains.concurrency.AsyncPromise.onSuccess$lambda$3(AsyncPromise.kt:87)
	at com.intellij.util.concurrency.ContextBiConsumer.accept(ContextBiConsumer.java:33)
	at org.jetbrains.concurrency.AsyncPromise$whenComplete$1.invoke(AsyncPromise.kt:114)
	at org.jetbrains.concurrency.AsyncPromise$whenComplete$1.invoke(AsyncPromise.kt:112)
	at org.jetbrains.concurrency.AsyncPromise.whenComplete$lambda$6(AsyncPromise.kt:112)
	at java.base/java.util.concurrent.CompletableFuture.uniHandle(CompletableFuture.java:934)
	at java.base/java.util.concurrent.CompletableFuture$UniHandle.tryFire(CompletableFuture.java:911)
	at java.base/java.util.concurrent.CompletableFuture.postComplete(CompletableFuture.java:510)
	at java.base/java.util.concurrent.CompletableFuture.complete(CompletableFuture.java:2147)
	at org.jetbrains.concurrency.AsyncPromise.setResult(AsyncPromise.kt:188)
	at com.intellij.openapi.externalSystem.autoimport.settings.CachingAsyncSupplier$supply$1$1$1.invoke(CachingAsyncSupplier.kt:16)
	at com.intellij.openapi.externalSystem.autoimport.settings.CachingAsyncSupplier$supply$1$1$1.invoke(CachingAsyncSupplier.kt:15)
	at com.intellij.openapi.externalSystem.autoimport.settings.AsyncSupplier$Companion$blocking$1.supply(AsyncSupplier.kt:19)
	at com.intellij.openapi.externalSystem.autoimport.settings.BackgroundAsyncSupplier.supply$lambda$0(BackgroundAsyncSupplier.kt:18)
	at com.intellij.openapi.progress.util.BackgroundTaskUtil.lambda$submitTask$8(BackgroundTaskUtil.java:266)
	at com.intellij.openapi.progress.util.BackgroundTaskUtil.lambda$createBackgroundTask$10(BackgroundTaskUtil.java:302)
	at com.intellij.openapi.progress.ProgressManager.lambda$runProcess$0(ProgressManager.java:73)
	at com.intellij.openapi.progress.impl.CoreProgressManager.lambda$runProcess$1(CoreProgressManager.java:192)
	at com.intellij.openapi.progress.impl.CoreProgressManager.lambda$executeProcessUnderProgress$12(CoreProgressManager.java:610)
	at com.intellij.openapi.progress.impl.CoreProgressManager.registerIndicatorAndRun(CoreProgressManager.java:685)
	at com.intellij.openapi.progress.impl.CoreProgressManager.computeUnderProgress(CoreProgressManager.java:641)
	at com.intellij.openapi.progress.impl.CoreProgressManager.executeProcessUnderProgress(CoreProgressManager.java:609)
	at com.intellij.openapi.progress.impl.ProgressManagerImpl.executeProcessUnderProgress(ProgressManagerImpl.java:78)
	at com.intellij.openapi.progress.impl.CoreProgressManager.runProcess(CoreProgressManager.java:179)
	at com.intellij.openapi.progress.ProgressManager.runProcess(ProgressManager.java:73)
	at com.intellij.openapi.progress.util.BackgroundTaskUtil.lambda$createBackgroundTask$11(BackgroundTaskUtil.java:297)
	at java.base/java.util.concurrent.CompletableFuture$AsyncSupply.run(CompletableFuture.java:1768)
	at com.intellij.util.concurrency.ContextRunnable.run(ContextRunnable.java:27)
	at com.intellij.util.concurrency.BoundedTaskExecutor.doRun(BoundedTaskExecutor.java:244)
	at com.intellij.util.concurrency.BoundedTaskExecutor.access$200(BoundedTaskExecutor.java:30)
	at com.intellij.util.concurrency.BoundedTaskExecutor$1.executeFirstTaskAndHelpQueue(BoundedTaskExecutor.java:222)
	at com.intellij.util.ConcurrencyUtil.runUnderThreadName(ConcurrencyUtil.java:218)
	at com.intellij.util.concurrency.BoundedTaskExecutor$1.run(BoundedTaskExecutor.java:210)
	at java.base/java.util.concurrent.ThreadPoolExecutor.runWorker(ThreadPoolExecutor.java:1136)
	at java.base/java.util.concurrent.ThreadPoolExecutor$Worker.run(ThreadPoolExecutor.java:635)
	at java.base/java.util.concurrent.Executors$PrivilegedThreadFactory$1$1.run(Executors.java:702)
	at java.base/java.util.concurrent.Executors$PrivilegedThreadFactory$1$1.run(Executors.java:699)
	at java.base/java.security.AccessController.doPrivileged(AccessController.java:399)
	at java.base/java.util.concurrent.Executors$PrivilegedThreadFactory$1.run(Executors.java:699)
	at java.base/java.lang.Thread.run(Thread.java:840)
2024-04-29 15:38:41,463 [  35240]   WARN - #c.i.u.x.Binding - no accessors for org.jetbrains.idea.maven.project.MavenHomeType
2024-04-29 15:38:41,915 [  35692]   WARN - #c.i.i.s.p.i.BundledSharedIndexPostStartupActivity - Skipped 1 pre-built shared indexes: bundled-js-predefined-1d06a55b98c1-985749b364ce-JavaScript-IU-233.14475.28
2024-04-29 15:38:41,932 [  35709]   WARN - #o.j.i.maven - updateAllMavenProjects started: false false false
2024-04-29 15:38:43,139 [  36916]   WARN - #o.j.i.maven - updateAllMavenProjects finished: false false false
2024-04-29 15:38:43,140 [  36917]   WARN - #o.j.i.maven - updateMavenProjects started: false false true 1 0
2024-04-29 15:38:43,145 [  36922]   WARN - #o.j.i.maven - updateMavenProjects finished: false false true 1 0
2024-04-29 15:38:45,032 [  38809]   WARN - #o.j.i.maven - updateAllMavenProjects started: true true false
2024-04-29 15:38:45,841 [  39618]   WARN - #o.j.i.maven - updateAllMavenProjects finished: true true false
2024-04-29 15:39:06,781 [  60558]   WARN - #c.i.u.x.Binding - no accessors for com.intellij.ide.util.TipsUsageManager$State
2024-04-29 15:39:42,879 [  96656]   WARN - #c.i.o.v.n.AsyncEventSupport - com.intellij.util.xml.impl.DomManagerImpl$2@9e79e26 took too long (55277ms) on 6578 events, canceled
2024-04-29 15:41:16,724 [ 190501]   WARN - #c.i.o.v.n.AsyncEventSupport - com.intellij.util.xml.impl.DomManagerImpl$2@9e79e26 took too long (93579ms) on 6578 events, canceled
2024-04-29 15:48:08,137 [ 601914]   WARN - #c.i.o.v.n.p.FSRecords - Checking VFS finished (non-healthy): VFSHealthCheckReport(recordsReport=FileRecordsReport(fileRecordsChecked=336812, fileRecordsDeleted=77986, nullNameIds=0, unresolvableNameIds=0, notNullContentIds=3610, unresolvableContentIds=0, unresolvableAttributesIds=0, nullParents=0, childrenChecked=256750, inconsistentParentChildRelationships=115, generalErrors=0), rootsReport=RootsReport(rootsCount=179, rootsWithParents=0, rootsDeletedButNotRemoved=0, generalErrors=0), namesEnumeratorReport=NamesEnumeratorReport(namesChecked=134735, namesResolvedToNull=0, idsResolvedToNull=0, inconsistentNames=0, generalErrors=0), contentEnumeratorReport=ContentEnumeratorReport(contentRecordsChecked=7387, generalErrors=0), timeTaken=1.377080836s)
2024-04-29 16:33:14,575 [3308352]   WARN - #o.j.i.maven - Maven pulling download listener stopped
2024-04-29 16:33:14,575 [3308352]   WARN - #o.j.i.maven - Maven pulling logger stopped
2024-04-29 17:37:53,222 [7186999]   WARN - #c.i.o.v.n.AsyncEventSupport - com.intellij.util.xml.impl.DomManagerImpl$2@9e79e26 took too long (4584443ms) on 15086 events, canceled
2024-04-29 17:37:53,771 [7187548] SEVERE - #c.i.o.v.n.RefreshQueue - null
org.jetbrains.concurrency.AsyncPromise$Companion$CANCELED$1
2024-04-29 17:37:53,778 [7187555] SEVERE - #c.i.o.v.n.RefreshQueue - IntelliJ IDEA 2023.3.4  Build #IU-233.14475.28
2024-04-29 17:37:53,779 [7187556] SEVERE - #c.i.o.v.n.RefreshQueue - JDK: 17.0.10; VM: OpenJDK 64-Bit Server VM; Vendor: JetBrains s.r.o.
2024-04-29 17:37:53,780 [7187557] SEVERE - #c.i.o.v.n.RefreshQueue - OS: Linux
